# JRE version: OpenJDK Runtime Environment Temurin-11.0.14.1+1 (11.0.14.1+1) (build 11.0.14.1+1)
# Java VM: OpenJDK 64-Bit Server VM Temurin-11.0.14.1+1 (11.0.14.1+1, mixed mode, tiered, compressed oops, g1 gc, bsd-amd64)
Heap:
 garbage-first heap   total 353280K, used 124416K [0x0000000780000000, 0x0000000800000000)
  region size 1024K, 17 young (17408K), 3 survivors (3072K)
 Metaspace       used 27059K, capacity 28054K, committed 28416K, reserved 1073152K
  class space    used 3320K, capacity 3730K, committed 3840K, reserved 1048576K
GC Heap History (20 events):
Event: 2.184 GC heap before
{Heap before GC invocations=1 (full 0):
 garbage-first heap   total 131072K, used 45636K [0x0000000780000000, 0x0000000800000000)
  region size 1024K, 37 young (37888K), 2 survivors (2048K)
 Metaspace       used 19483K, capacity 20089K, committed 20352K, reserved 1067008K
  class space    used 2121K, capacity 2348K, committed 2432K, reserved 1048576K
}
Event: 2.234 GC heap after
{Heap after GC invocations=2 (full 0):
 garbage-first heap   total 131072K, used 28602K [0x0000000780000000, 0x0000000800000000)
  region size 1024K, 5 young (5120K), 5 survivors (5120K)
 Metaspace       used 19483K, capacity 20089K, committed 20352K, reserved 1067008K
  class space    used 2121K, capacity 2348K, committed 2432K, reserved 1048576K
}
Event: 2.417 GC heap before
{Heap before GC invocations=2 (full 0):
 garbage-first heap   total 131072K, used 40890K [0x0000000780000000, 0x0000000800000000)
  region size 1024K, 14 young (14336K), 5 survivors (5120K)
 Metaspace       used 19534K, capacity 20089K, committed 20352K, reserved 1067008K
  class space    used 2121K, capacity 2348K, committed 2432K, reserved 1048576K
}
Event: 2.445 GC heap after
{Heap after GC invocations=3 (full 0):
 garbage-first heap   total 131072K, used 43008K [0x0000000780000000, 0x0000000800000000)
  region size 1024K, 2 young (2048K), 2 survivors (2048K)
 Metaspace       used 19534K, capacity 20089K, committed 20352K, reserved 1067008K
  class space    used 2121K, capacity 2348K, committed 2432K, reserved 1048576K
}
Event: 2.519 GC heap before
{Heap before GC invocations=3 (full 0):
 garbage-first heap   total 131072K, used 50176K [0x0000000780000000, 0x0000000800000000)
  region size 1024K, 8 young (8192K), 2 survivors (2048K)
 Metaspace       used 19539K, capacity 20089K, committed 20352K, reserved 1067008K
  class space    used 2121K, capacity 2348K, committed 2432K, reserved 1048576K
}
Event: 2.531 GC heap after
{Heap after GC invocations=4 (full 0):
 garbage-first heap   total 131072K, used 51200K [0x0000000780000000, 0x0000000800000000)
  region size 1024K, 1 young (1024K), 1 survivors (1024K)
 Metaspace       used 19539K, capacity 20089K, committed 20352K, reserved 1067008K
  class space    used 2121K, capacity 2348K, committed 2432K, reserved 1048576K
}
Event: 2.626 GC heap before
{Heap before GC invocations=4 (full 0):
 garbage-first heap   total 131072K, used 66560K [0x0000000780000000, 0x0000000800000000)
  region size 1024K, 11 young (11264K), 1 survivors (1024K)
 Metaspace       used 19539K, capacity 20089K, committed 20352K, reserved 1067008K
  class space    used 2121K, capacity 2348K, committed 2432K, reserved 1048576K
}
Event: 2.652 GC heap after
{Heap after GC invocations=5 (full 0):
 garbage-first heap   total 178176K, used 67358K [0x0000000780000000, 0x0000000800000000)
  region size 1024K, 2 young (2048K), 2 survivors (2048K)
 Metaspace       used 19539K, capacity 20089K, committed 20352K, reserved 1067008K
  class space    used 2121K, capacity 2348K, committed 2432K, reserved 1048576K
}
Event: 2.702 GC heap before
{Heap before GC invocations=5 (full 0):
 garbage-first heap   total 178176K, used 73502K [0x0000000780000000, 0x0000000800000000)
  region size 1024K, 8 young (8192K), 2 survivors (2048K)
 Metaspace       used 19539K, capacity 20089K, committed 20352K, reserved 1067008K
  class space    used 2121K, capacity 2348K, committed 2432K, reserved 1048576K
}
Event: 2.757 GC heap after
{Heap after GC invocations=6 (full 0):
 garbage-first heap   total 178176K, used 74172K [0x0000000780000000, 0x0000000800000000)
  region size 1024K, 1 young (1024K), 1 survivors (1024K)
 Metaspace       used 19539K, capacity 20089K, committed 20352K, reserved 1067008K
  class space    used 2121K, capacity 2348K, committed 2432K, reserved 1048576K
}
Event: 2.808 GC heap before
{Heap before GC invocations=6 (full 0):
 garbage-first heap   total 178176K, used 81340K [0x0000000780000000, 0x0000000800000000)
  region size 1024K, 8 young (8192K), 1 survivors (1024K)
 Metaspace       used 19539K, capacity 20089K, committed 20352K, reserved 1067008K
  class space    used 2121K, capacity 2348K, committed 2432K, reserved 1048576K
}
Event: 2.840 GC heap after
{Heap after GC invocations=7 (full 0):
 garbage-first heap   total 178176K, used 82298K [0x0000000780000000, 0x0000000800000000)
  region size 1024K, 1 young (1024K), 1 survivors (1024K)
 Metaspace       used 19539K, capacity 20089K, committed 20352K, reserved 1067008K
  class space    used 2121K, capacity 2348K, committed 2432K, reserved 1048576K
}
Event: 2.850 GC heap before
{Heap before GC invocations=7 (full 0):
 garbage-first heap   total 178176K, used 83322K [0x0000000780000000, 0x0000000800000000)
  region size 1024K, 3 young (3072K), 1 survivors (1024K)
 Metaspace       used 19539K, capacity 20089K, committed 20352K, reserved 1067008K
  class space    used 2121K, capacity 2348K, committed 2432K, reserved 1048576K
}
Event: 2.871 GC heap after
{Heap after GC invocations=8 (full 0):
 garbage-first heap   total 178176K, used 84992K [0x0000000780000000, 0x0000000800000000)
  region size 1024K, 1 young (1024K), 1 survivors (1024K)
 Metaspace       used 19539K, capacity 20089K, committed 20352K, reserved 1067008K
  class space    used 2121K, capacity 2348K, committed 2432K, reserved 1048576K
}
Event: 2.964 GC heap before
{Heap before GC invocations=8 (full 0):
 garbage-first heap   total 178176K, used 97280K [0x0000000780000000, 0x0000000800000000)
  region size 1024K, 8 young (8192K), 1 survivors (1024K)
 Metaspace       used 19539K, capacity 20089K, committed 20352K, reserved 1067008K
  class space    used 2121K, capacity 2348K, committed 2432K, reserved 1048576K
}
Event: 2.989 GC heap after
{Heap after GC invocations=9 (full 0):
 garbage-first heap   total 353280K, used 97764K [0x0000000780000000, 0x0000000800000000)
  region size 1024K, 1 young (1024K), 1 survivors (1024K)
 Metaspace       used 19539K, capacity 20089K, committed 20352K, reserved 1067008K
  class space    used 2121K, capacity 2348K, committed 2432K, reserved 1048576K
}
Event: 3.073 GC heap before
{Heap before GC invocations=9 (full 0):
 garbage-first heap   total 353280K, used 114148K [0x0000000780000000, 0x0000000800000000)
  region size 1024K, 17 young (17408K), 1 survivors (1024K)
 Metaspace       used 19539K, capacity 20089K, committed 20352K, reserved 1067008K
  class space    used 2121K, capacity 2348K, committed 2432K, reserved 1048576K
}
Event: 3.115 GC heap after
{Heap after GC invocations=10 (full 0):
 garbage-first heap   total 353280K, used 114688K [0x0000000780000000, 0x0000000800000000)
  region size 1024K, 3 young (3072K), 3 survivors (3072K)
 Metaspace       used 19539K, capacity 20089K, committed 20352K, reserved 1067008K
  class space    used 2121K, capacity 2348K, committed 2432K, reserved 1048576K
}
Event: 3.656 GC heap before
{Heap before GC invocations=11 (full 0):
 garbage-first heap   total 353280K, used 118784K [0x0000000780000000, 0x0000000800000000)
  region size 1024K, 17 young (17408K), 3 survivors (3072K)
 Metaspace       used 22951K, capacity 23719K, committed 23808K, reserved 1071104K
  class space    used 2728K, capacity 3044K, committed 3072K, reserved 1048576K
}
Event: 3.676 GC heap after
{Heap after GC invocations=12 (full 0):
 garbage-first heap   total 353280K, used 110080K [0x0000000780000000, 0x0000000800000000)
  region size 1024K, 3 young (3072K), 3 survivors (3072K)
 Metaspace       used 22951K, capacity 23719K, committed 23808K, reserved 1071104K
  class space    used 2728K, capacity 3044K, committed 3072K, reserved 1048576K
}

